{"numFailedTestSuites":1,"numFailedTests":1,"numPassedTestSuites":0,"numPassedTests":11,"numPendingTestSuites":0,"numPendingTests":0,"numRuntimeErrorTestSuites":0,"numTodoTests":0,"numTotalTestSuites":1,"numTotalTests":12,"openHandles":[],"snapshot":{"added":0,"didUpdate":false,"failure":false,"filesAdded":0,"filesRemoved":0,"filesRemovedList":[],"filesUnmatched":0,"filesUpdated":0,"matched":0,"total":0,"unchecked":0,"uncheckedKeysByFile":[],"unmatched":0,"updated":0},"startTime":1707319824134,"success":false,"testResults":[{"assertionResults":[{"ancestorTitles":["Rubric Evaluation"],"duration":8,"failureDetails":[{"matcherResult":{"message":"expect(received).toContain(expected) // indexOf\n\nExpected substring: \"<link rel=\\\"stylesheet\\\" href=\\\"styles.css\\\">\"\nReceived string:    \"<!DOCTYPE html>\n<html lang=\\\"en\\\">\n<head>\n    <meta charset=\\\"UTF-8\\\">\n    <meta name=\\\"viewport\\\" content=\\\"width=device-width, initial-scale=1.0\\\">\n    <title>Max Document</title>\n    <link rel=\\\"stylesheet\\\" href=\\\"style.css\\\">\n</head>\n<body>·····\n    <nav id=\\\"navbar\\\" class=\\\"nav\\\">\n        <ul>\n            <a href=\\\"#welcom-section\\\">About</a>\n        </ul>\n        <ul>\n            <a href=\\\"#projects\\\">Work</a>\n        </ul>\n        <ul>\n            <a href=\\\"#contact\\\">Contact</a>\n        </ul>\n    </nav>················\n    <section id=\\\"welcome-section\\\" class=\\\"welcome-section\\\">\n        <h1 style=\\\"color: white;\\\">MAXWEL KIAMA</h1>\n        <p style=\\\"color: white;\\\">A Web Developer</p>\n    </section>\n    <section id=\\\"projects\\\" class=\\\"projects-section\\\">\n        <h2 class=\\\"project-section-header\\\">Find Some of my projects</h2>·····\n    <div class=\\\"project-grid\\\">\n        <a href=\\\"https://github.com/kiama-maxwel/Build-Tribute-Page\\\" target=\\\"_blank\\\" class=\\\"project project-tile\\\" >\n          <img src=\\\"https://images.fineartamerica.com/images-medium-large-5/mzee-jomo-kenyatta-anthony-mwangi.jpg\\\" width=\\\"300\\\" height=\\\"300\\\" alt=\\\"project\\\">\n          <p class=\\\"project-tile\\\">\n            <span  class=\\\"code\\\"></span>\n            Tribute Page\n            <span class=\\\"code\\\"></span>\n          </p>\n        </a>\n        <a href=\\\"https://github.com/kiama-maxwel/Build-a-survey-form\\\" target=\\\"_blank\\\" class=\\\"project project-tile\\\">\n            <img src=\\\"https://images.app.goo.gl/bta3AAuvqrrqj4ZP7\\\" alt=\\\"project\\\"  >\n            <p class=\\\"project-title\\\">\n            <span class=\\\"code\\\"></span>\n            Survy form\n            <span class=\\\"code\\\"></span>\n          </p>\n        </a>··\n    </div>\n    </section>\n    <section id=\\\"contact\\\" class=\\\"contact-section\\\">\n        <div class=\\\"contact-section-header\\\">\n            We can work  together...\n        </div>\n        <div class=\\\"contact-link\\\">\n            <a id=\\\"profile-link\\\" href=\\\"https://github.com/topics/login\\\" target=\\\"_blank\\\" class=\\\"btn contact-details\\\">··\n                <i class=\\\"fab fa-github\\\">·····················\n                </i>\n                Github\n            </a>·······················\n        </div>··\n    </section>\n    <a href=\\\"https://github.com/kiama-maxwel/kiama-maxwel\\\" target=\\\"_blank\\\" id=\\\"profile-link\\\">Profile Link</a>··\n    <footer>\n        <p>\n            This is just my first project in the course.Expect more projects to come. Thank you.\n        </p>\n        <p>\n            Created for·\n            <a href=\\\"thub.com/topics/login\\\" target=\\\"_blank\\\">Max Github</a>\n        </p>\n    </footer>\n</body>\n</html>\"","pass":false}}],"failureMessages":["Error: expect(received).toContain(expected) // indexOf\n\nExpected substring: \"<link rel=\\\"stylesheet\\\" href=\\\"styles.css\\\">\"\nReceived string:    \"<!DOCTYPE html>\n<html lang=\\\"en\\\">\n<head>\n    <meta charset=\\\"UTF-8\\\">\n    <meta name=\\\"viewport\\\" content=\\\"width=device-width, initial-scale=1.0\\\">\n    <title>Max Document</title>\n    <link rel=\\\"stylesheet\\\" href=\\\"style.css\\\">\n</head>\n<body>·····\n    <nav id=\\\"navbar\\\" class=\\\"nav\\\">\n        <ul>\n            <a href=\\\"#welcom-section\\\">About</a>\n        </ul>\n        <ul>\n            <a href=\\\"#projects\\\">Work</a>\n        </ul>\n        <ul>\n            <a href=\\\"#contact\\\">Contact</a>\n        </ul>\n    </nav>················\n    <section id=\\\"welcome-section\\\" class=\\\"welcome-section\\\">\n        <h1 style=\\\"color: white;\\\">MAXWEL KIAMA</h1>\n        <p style=\\\"color: white;\\\">A Web Developer</p>\n    </section>\n    <section id=\\\"projects\\\" class=\\\"projects-section\\\">\n        <h2 class=\\\"project-section-header\\\">Find Some of my projects</h2>·····\n    <div class=\\\"project-grid\\\">\n        <a href=\\\"https://github.com/kiama-maxwel/Build-Tribute-Page\\\" target=\\\"_blank\\\" class=\\\"project project-tile\\\" >\n          <img src=\\\"https://images.fineartamerica.com/images-medium-large-5/mzee-jomo-kenyatta-anthony-mwangi.jpg\\\" width=\\\"300\\\" height=\\\"300\\\" alt=\\\"project\\\">\n          <p class=\\\"project-tile\\\">\n            <span  class=\\\"code\\\"></span>\n            Tribute Page\n            <span class=\\\"code\\\"></span>\n          </p>\n        </a>\n        <a href=\\\"https://github.com/kiama-maxwel/Build-a-survey-form\\\" target=\\\"_blank\\\" class=\\\"project project-tile\\\">\n            <img src=\\\"https://images.app.goo.gl/bta3AAuvqrrqj4ZP7\\\" alt=\\\"project\\\"  >\n            <p class=\\\"project-title\\\">\n            <span class=\\\"code\\\"></span>\n            Survy form\n            <span class=\\\"code\\\"></span>\n          </p>\n        </a>··\n    </div>\n    </section>\n    <section id=\\\"contact\\\" class=\\\"contact-section\\\">\n        <div class=\\\"contact-section-header\\\">\n            We can work  together...\n        </div>\n        <div class=\\\"contact-link\\\">\n            <a id=\\\"profile-link\\\" href=\\\"https://github.com/topics/login\\\" target=\\\"_blank\\\" class=\\\"btn contact-details\\\">··\n                <i class=\\\"fab fa-github\\\">·····················\n                </i>\n                Github\n            </a>·······················\n        </div>··\n    </section>\n    <a href=\\\"https://github.com/kiama-maxwel/kiama-maxwel\\\" target=\\\"_blank\\\" id=\\\"profile-link\\\">Profile Link</a>··\n    <footer>\n        <p>\n            This is just my first project in the course.Expect more projects to come. Thank you.\n        </p>\n        <p>\n            Created for·\n            <a href=\\\"thub.com/topics/login\\\" target=\\\"_blank\\\">Max Github</a>\n        </p>\n    </footer>\n</body>\n</html>\"\n    at Object.toContain (/home/juan/Documents/dev/front-tests/front.spec.js:20:29)\n    at Promise.then.completed (/home/juan/Documents/dev/front-tests/node_modules/jest-circus/build/utils.js:298:28)\n    at new Promise (<anonymous>)\n    at callAsyncCircusFn (/home/juan/Documents/dev/front-tests/node_modules/jest-circus/build/utils.js:231:10)\n    at _callCircusTest (/home/juan/Documents/dev/front-tests/node_modules/jest-circus/build/run.js:316:40)\n    at processTicksAndRejections (node:internal/process/task_queues:95:5)\n    at _runTest (/home/juan/Documents/dev/front-tests/node_modules/jest-circus/build/run.js:252:3)\n    at _runTestsForDescribeBlock (/home/juan/Documents/dev/front-tests/node_modules/jest-circus/build/run.js:126:9)\n    at _runTestsForDescribeBlock (/home/juan/Documents/dev/front-tests/node_modules/jest-circus/build/run.js:121:9)\n    at run (/home/juan/Documents/dev/front-tests/node_modules/jest-circus/build/run.js:71:3)\n    at runAndTransformResultsToJestFormat (/home/juan/Documents/dev/front-tests/node_modules/jest-circus/build/legacy-code-todo-rewrite/jestAdapterInit.js:122:21)\n    at jestAdapter (/home/juan/Documents/dev/front-tests/node_modules/jest-circus/build/legacy-code-todo-rewrite/jestAdapter.js:79:19)\n    at runTestInternal (/home/juan/Documents/dev/front-tests/node_modules/jest-runner/build/runTest.js:367:16)\n    at runTest (/home/juan/Documents/dev/front-tests/node_modules/jest-runner/build/runTest.js:444:34)"],"fullName":"Rubric Evaluation 1. it should be linked to CSS stylesheet","invocations":1,"location":null,"numPassingAsserts":0,"retryReasons":[],"status":"failed","title":"1. it should be linked to CSS stylesheet"},{"ancestorTitles":["Rubric Evaluation"],"duration":2,"failureDetails":[],"failureMessages":[],"fullName":"Rubric Evaluation 2. it should have a welcome section","invocations":1,"location":null,"numPassingAsserts":1,"retryReasons":[],"status":"passed","title":"2. it should have a welcome section"},{"ancestorTitles":["Rubric Evaluation"],"duration":12,"failureDetails":[],"failureMessages":[],"fullName":"Rubric Evaluation 3. it should have a h1 element containing text inside welcome section","invocations":1,"location":null,"numPassingAsserts":2,"retryReasons":[],"status":"passed","title":"3. it should have a h1 element containing text inside welcome section"},{"ancestorTitles":["Rubric Evaluation"],"duration":1,"failureDetails":[],"failureMessages":[],"fullName":"Rubric Evaluation 4. it should have a Projects section with id of projects","invocations":1,"location":null,"numPassingAsserts":1,"retryReasons":[],"status":"passed","title":"4. it should have a Projects section with id of projects"},{"ancestorTitles":["Rubric Evaluation"],"duration":6,"failureDetails":[],"failureMessages":[],"fullName":"Rubric Evaluation 5. Projects section should contain at least one project title","invocations":1,"location":null,"numPassingAsserts":1,"retryReasons":[],"status":"passed","title":"5. Projects section should contain at least one project title"},{"ancestorTitles":["Rubric Evaluation"],"duration":2,"failureDetails":[],"failureMessages":[],"fullName":"Rubric Evaluation 6. Projects section should contain at least one link","invocations":1,"location":null,"numPassingAsserts":1,"retryReasons":[],"status":"passed","title":"6. Projects section should contain at least one link"},{"ancestorTitles":["Rubric Evaluation"],"duration":0,"failureDetails":[],"failureMessages":[],"fullName":"Rubric Evaluation 7. Navbar exists with id of navbar","invocations":1,"location":null,"numPassingAsserts":1,"retryReasons":[],"status":"passed","title":"7. Navbar exists with id of navbar"},{"ancestorTitles":["Rubric Evaluation"],"duration":1,"failureDetails":[],"failureMessages":[],"fullName":"Rubric Evaluation 8. Navbar shoul contain at least one clickable link","invocations":1,"location":null,"numPassingAsserts":2,"retryReasons":[],"status":"passed","title":"8. Navbar shoul contain at least one clickable link"},{"ancestorTitles":["Rubric Evaluation"],"duration":47,"failureDetails":[],"failureMessages":[],"fullName":"Rubric Evaluation Profile link exists and opens in a new tab","invocations":1,"location":null,"numPassingAsserts":3,"retryReasons":[],"status":"passed","title":"Profile link exists and opens in a new tab"},{"ancestorTitles":["Rubric Evaluation"],"duration":1,"failureDetails":[],"failureMessages":[],"fullName":"Rubric Evaluation 10. CSS file contains at least one media query","invocations":1,"location":null,"numPassingAsserts":1,"retryReasons":[],"status":"passed","title":"10. CSS file contains at least one media query"},{"ancestorTitles":["Rubric Evaluation"],"duration":3,"failureDetails":[],"failureMessages":[],"fullName":"Rubric Evaluation 11. Welcome section height is equal to viewport height","invocations":1,"location":null,"numPassingAsserts":0,"retryReasons":[],"status":"passed","title":"11. Welcome section height is equal to viewport height"},{"ancestorTitles":["Rubric Evaluation"],"duration":1,"failureDetails":[],"failureMessages":[],"fullName":"Rubric Evaluation 12. Navbar is always fixed at the top of the viewport","invocations":1,"location":null,"numPassingAsserts":1,"retryReasons":[],"status":"passed","title":"12. Navbar is always fixed at the top of the viewport"}],"endTime":1707319825073,"message":"  ● Rubric Evaluation › 1. it should be linked to CSS stylesheet\n\n    expect(received).toContain(expected) // indexOf\n\n    Expected substring: \"<link rel=\\\"stylesheet\\\" href=\\\"styles.css\\\">\"\n    Received string:    \"<!DOCTYPE html>\n    <html lang=\\\"en\\\">\n    <head>\n        <meta charset=\\\"UTF-8\\\">\n        <meta name=\\\"viewport\\\" content=\\\"width=device-width, initial-scale=1.0\\\">\n        <title>Max Document</title>\n        <link rel=\\\"stylesheet\\\" href=\\\"style.css\\\">\n    </head>\n    <body>·····\n        <nav id=\\\"navbar\\\" class=\\\"nav\\\">\n            <ul>\n                <a href=\\\"#welcom-section\\\">About</a>\n            </ul>\n            <ul>\n                <a href=\\\"#projects\\\">Work</a>\n            </ul>\n            <ul>\n                <a href=\\\"#contact\\\">Contact</a>\n            </ul>\n        </nav>················\n        <section id=\\\"welcome-section\\\" class=\\\"welcome-section\\\">\n            <h1 style=\\\"color: white;\\\">MAXWEL KIAMA</h1>\n            <p style=\\\"color: white;\\\">A Web Developer</p>\n        </section>\n        <section id=\\\"projects\\\" class=\\\"projects-section\\\">\n            <h2 class=\\\"project-section-header\\\">Find Some of my projects</h2>·····\n        <div class=\\\"project-grid\\\">\n            <a href=\\\"https://github.com/kiama-maxwel/Build-Tribute-Page\\\" target=\\\"_blank\\\" class=\\\"project project-tile\\\" >\n              <img src=\\\"https://images.fineartamerica.com/images-medium-large-5/mzee-jomo-kenyatta-anthony-mwangi.jpg\\\" width=\\\"300\\\" height=\\\"300\\\" alt=\\\"project\\\">\n              <p class=\\\"project-tile\\\">\n                <span  class=\\\"code\\\"></span>\n                Tribute Page\n                <span class=\\\"code\\\"></span>\n              </p>\n            </a>\n            <a href=\\\"https://github.com/kiama-maxwel/Build-a-survey-form\\\" target=\\\"_blank\\\" class=\\\"project project-tile\\\">\n                <img src=\\\"https://images.app.goo.gl/bta3AAuvqrrqj4ZP7\\\" alt=\\\"project\\\"  >\n                <p class=\\\"project-title\\\">\n                <span class=\\\"code\\\"></span>\n                Survy form\n                <span class=\\\"code\\\"></span>\n              </p>\n            </a>··\n        </div>\n        </section>\n        <section id=\\\"contact\\\" class=\\\"contact-section\\\">\n            <div class=\\\"contact-section-header\\\">\n                We can work  together...\n            </div>\n            <div class=\\\"contact-link\\\">\n                <a id=\\\"profile-link\\\" href=\\\"https://github.com/topics/login\\\" target=\\\"_blank\\\" class=\\\"btn contact-details\\\">··\n                    <i class=\\\"fab fa-github\\\">·····················\n                    </i>\n                    Github\n                </a>·······················\n            </div>··\n        </section>\n        <a href=\\\"https://github.com/kiama-maxwel/kiama-maxwel\\\" target=\\\"_blank\\\" id=\\\"profile-link\\\">Profile Link</a>··\n        <footer>\n            <p>\n                This is just my first project in the course.Expect more projects to come. Thank you.\n            </p>\n            <p>\n                Created for·\n                <a href=\\\"thub.com/topics/login\\\" target=\\\"_blank\\\">Max Github</a>\n            </p>\n        </footer>\n    </body>\n    </html>\"\n\n      18 |     })\n      19 |     test('1. it should be linked to CSS stylesheet', () => {\n    > 20 |         expect(htmlContent).toContain('<link rel=\"stylesheet\" href=\"styles.css\">');\n         |                             ^\n      21 |     });\n      22 |     test('2. it should have a welcome section', () => {\n      23 |         const welcomeSection = htmlDoc.getElementById('welcome-section');\n\n      at Object.toContain (front.spec.js:20:29)\n","name":"/home/juan/Documents/dev/front-tests/front.spec.js","startTime":1707319824666,"status":"failed","summary":""}],"wasInterrupted":false}
