{"numFailedTestSuites":1,"numFailedTests":7,"numPassedTestSuites":0,"numPassedTests":5,"numPendingTestSuites":0,"numPendingTests":0,"numRuntimeErrorTestSuites":0,"numTodoTests":0,"numTotalTestSuites":1,"numTotalTests":12,"openHandles":[],"snapshot":{"added":0,"didUpdate":false,"failure":false,"filesAdded":0,"filesRemoved":0,"filesRemovedList":[],"filesUnmatched":0,"filesUpdated":0,"matched":0,"total":0,"unchecked":0,"uncheckedKeysByFile":[],"unmatched":0,"updated":0},"startTime":1707320009618,"success":false,"testResults":[{"assertionResults":[{"ancestorTitles":["Rubric Evaluation"],"duration":5,"failureDetails":[{"matcherResult":{"message":"expect(received).toContain(expected) // indexOf\n\nExpected substring: \"<link rel=\\\"stylesheet\\\" href=\\\"styles.css\\\">\"\nReceived string:    \"<!DOCTYPE html>\n<html lang=\\\"en\\\">\n<head>\n    <link rel=\\\"stylesheet\\\" href=\\\"style.css\\\">\n    <meta charset=\\\"UTF-8\\\">\n    <meta name=\\\"viewport\\\" content=\\\"width=device-width, initial-scale=1.0\\\">\n    <title>Document</title>\n</head>\n<body>\n <div class=\\\"background\\\">\n        <nav id=\\\"navbar\\\" class=\\\"nav\\\">\n            <ul class=\\\"nav-list\\\">\n                <li><a href=\\\"#welcom-section\\\">About</a></li>\n                <li><a href=\\\"#planets\\\">Planets</a></li>\n                <li><a href=\\\"#Sources\\\">Sources</a></li>\n            </ul>\n        </nav>\n        <section id=\\\"welcom-section\\\" class=\\\"welcom-section\\\">\n            <h1>A Journey Around the Milky Way</h1>\n            <p>explore our Orion Arm </p>\n        </section>\n        <section id=\\\"planets\\\" class=\\\"planets-section\\\">\n            <h2 class=\\\"planets-section-header\\\">The order of the planets in the solar system, starting nearest the sun and working outward is the following: Mercury, Venus, Earth, Mars, Jupiter, Saturn, Uranus, Neptune and then the possible Planet Nine.</h2>\n            <div class=\\\"planets-grid\\\">\n                <a href=\\\"https://es.wikipedia.org/wiki/Mercurio_(planeta)\\\" target=\\\"_blank\\\" class=\\\"planet planet-title\\\">\n                    <img class=\\\"planet-image\\\" src=\\\"mercury.jpg\\\" alt=\\\"planet\\\">\n                    <p class=\\\"title\\\">Mercury</p>\n                </a>\n                <a href=\\\"https://es.wikipedia.org/wiki/Venus_(planeta)\\\" target=\\\"_blank\\\" class=\\\"planet planet-title\\\">\n                    <img class=\\\"planet-image\\\" src=\\\"Venus.jpg\\\" alt=\\\"planet\\\">\n                    <p class=\\\"title\\\">Venus</p>\n                </a>\n                <a href=\\\"https://en.wikipedia.org/wiki/Earth\\\" target=\\\"_blank\\\" class=\\\"planet planet-title\\\">\n                    <img class=\\\"planet-image\\\" src=\\\"Earth.jpg\\\" alt=\\\"planet\\\">\n                    <p class=\\\"title\\\">Earth</p>\n                </a>\n                <a href=\\\"https://en.wikipedia.org/wiki/Mars\\\" target=\\\"_blank\\\" class=\\\"planet planet-title\\\">\n                    <img class=\\\"planet-image\\\" src=\\\"Mars.png\\\" alt=\\\"planet\\\">\n                    <p class=\\\"title\\\">Mars</p>\n                </a>\n                <a href=\\\"https://es.wikipedia.org/wiki/J%C3%BApiter_(planeta)\\\" target=\\\"_blank\\\" class=\\\"planet planet-title\\\">\n                    <img class=\\\"planet-image\\\" src=\\\"Jupiter.png\\\" alt=\\\"planet\\\">\n                    <p class=\\\"title\\\">Jupiter</p>\n                </a>\n                <a href=\\\"https://es.wikipedia.org/wiki/Saturno_(planeta)\\\" target=\\\"_blank\\\" class=\\\"planet planet-title\\\">\n                    <img class=\\\"planet-image\\\" src=\\\"Saturn.jpeg\\\" alt=\\\"planet\\\">\n                    <p class=\\\"title\\\">Saturn</p>\n                </a>\n                <a href=\\\"https://es.wikipedia.org/wiki/Urano_(planeta)#:~:text=Urano%20es%20el%20s%C3%A9ptimo%20planeta,abuelo%20de%20Zeus%20(J%C3%BApiter).\\\" target=\\\"_blank\\\" class=\\\"planet planet-title\\\">\n                    <img class=\\\"planet-image\\\" src=\\\"Uranus.png\\\" alt=\\\"planet\\\">\n                    <p class=\\\"title\\\">Uranus</p>\n                </a>\n                <a href=\\\"https://es.wikipedia.org/wiki/Neptuno_(planeta)\\\" target=\\\"_blank\\\" class=\\\"planet planet-title\\\">\n                    <img class=\\\"planet-image\\\" src=\\\"Neptune.png\\\" alt=\\\"planet\\\">\n                    <p class=\\\"title\\\">Neptune</p>\n                </a>\n                <a href=\\\"https://es.wikipedia.org/wiki/Planeta_Nueve\\\" target=\\\"_blank\\\" class=\\\"planet planet-title\\\">\n                    <img class=\\\"planet-image\\\" src=\\\"Planet-Nine.png\\\" alt=\\\"planet\\\">\n                    <p class=\\\"title\\\">The possible planet Nine</p>\n                </a>\n            </div>\n        </section>\n</div>\n<div class=\\\"background1\\\">\n    <section id=\\\"Sources\\\" class=\\\"Sources-section\\\">\n        <div class=\\\"Sources-section-header\\\">\n            <h2>Here is references and sources</h2>\n            <p>Too many people have full theories, with half the facts</p>\n        </div>\n        <div class=\\\"Sources-links\\\">\n            <a id=\\\"Wiki-link\\\" href=\\\"https://es.wikipedia.org/wiki/Wikipedia:Portada\\\" target=\\\"_blank\\\" class=\\\"btn Sources-details\\\">\n                <img class=\\\"wiki\\\" src=\\\"Wikipedia-logo.png\\\" alt=\\\"logo\\\">\n            </a>\n            <a id=\\\"natur\\\" href=\\\"https://www.nature.com/articles/529266a\\\" target=\\\"_blank\\\" class=\\\"btn Sources-details\\\">\n                <img class=\\\"natur\\\" src=\\\"Natur-logo.png\\\" alt=\\\"logo\\\">\n            </a>\n        </div>\n    </section>\n</div>······\n</body>\n</html>\"","pass":false}}],"failureMessages":["Error: expect(received).toContain(expected) // indexOf\n\nExpected substring: \"<link rel=\\\"stylesheet\\\" href=\\\"styles.css\\\">\"\nReceived string:    \"<!DOCTYPE html>\n<html lang=\\\"en\\\">\n<head>\n    <link rel=\\\"stylesheet\\\" href=\\\"style.css\\\">\n    <meta charset=\\\"UTF-8\\\">\n    <meta name=\\\"viewport\\\" content=\\\"width=device-width, initial-scale=1.0\\\">\n    <title>Document</title>\n</head>\n<body>\n <div class=\\\"background\\\">\n        <nav id=\\\"navbar\\\" class=\\\"nav\\\">\n            <ul class=\\\"nav-list\\\">\n                <li><a href=\\\"#welcom-section\\\">About</a></li>\n                <li><a href=\\\"#planets\\\">Planets</a></li>\n                <li><a href=\\\"#Sources\\\">Sources</a></li>\n            </ul>\n        </nav>\n        <section id=\\\"welcom-section\\\" class=\\\"welcom-section\\\">\n            <h1>A Journey Around the Milky Way</h1>\n            <p>explore our Orion Arm </p>\n        </section>\n        <section id=\\\"planets\\\" class=\\\"planets-section\\\">\n            <h2 class=\\\"planets-section-header\\\">The order of the planets in the solar system, starting nearest the sun and working outward is the following: Mercury, Venus, Earth, Mars, Jupiter, Saturn, Uranus, Neptune and then the possible Planet Nine.</h2>\n            <div class=\\\"planets-grid\\\">\n                <a href=\\\"https://es.wikipedia.org/wiki/Mercurio_(planeta)\\\" target=\\\"_blank\\\" class=\\\"planet planet-title\\\">\n                    <img class=\\\"planet-image\\\" src=\\\"mercury.jpg\\\" alt=\\\"planet\\\">\n                    <p class=\\\"title\\\">Mercury</p>\n                </a>\n                <a href=\\\"https://es.wikipedia.org/wiki/Venus_(planeta)\\\" target=\\\"_blank\\\" class=\\\"planet planet-title\\\">\n                    <img class=\\\"planet-image\\\" src=\\\"Venus.jpg\\\" alt=\\\"planet\\\">\n                    <p class=\\\"title\\\">Venus</p>\n                </a>\n                <a href=\\\"https://en.wikipedia.org/wiki/Earth\\\" target=\\\"_blank\\\" class=\\\"planet planet-title\\\">\n                    <img class=\\\"planet-image\\\" src=\\\"Earth.jpg\\\" alt=\\\"planet\\\">\n                    <p class=\\\"title\\\">Earth</p>\n                </a>\n                <a href=\\\"https://en.wikipedia.org/wiki/Mars\\\" target=\\\"_blank\\\" class=\\\"planet planet-title\\\">\n                    <img class=\\\"planet-image\\\" src=\\\"Mars.png\\\" alt=\\\"planet\\\">\n                    <p class=\\\"title\\\">Mars</p>\n                </a>\n                <a href=\\\"https://es.wikipedia.org/wiki/J%C3%BApiter_(planeta)\\\" target=\\\"_blank\\\" class=\\\"planet planet-title\\\">\n                    <img class=\\\"planet-image\\\" src=\\\"Jupiter.png\\\" alt=\\\"planet\\\">\n                    <p class=\\\"title\\\">Jupiter</p>\n                </a>\n                <a href=\\\"https://es.wikipedia.org/wiki/Saturno_(planeta)\\\" target=\\\"_blank\\\" class=\\\"planet planet-title\\\">\n                    <img class=\\\"planet-image\\\" src=\\\"Saturn.jpeg\\\" alt=\\\"planet\\\">\n                    <p class=\\\"title\\\">Saturn</p>\n                </a>\n                <a href=\\\"https://es.wikipedia.org/wiki/Urano_(planeta)#:~:text=Urano%20es%20el%20s%C3%A9ptimo%20planeta,abuelo%20de%20Zeus%20(J%C3%BApiter).\\\" target=\\\"_blank\\\" class=\\\"planet planet-title\\\">\n                    <img class=\\\"planet-image\\\" src=\\\"Uranus.png\\\" alt=\\\"planet\\\">\n                    <p class=\\\"title\\\">Uranus</p>\n                </a>\n                <a href=\\\"https://es.wikipedia.org/wiki/Neptuno_(planeta)\\\" target=\\\"_blank\\\" class=\\\"planet planet-title\\\">\n                    <img class=\\\"planet-image\\\" src=\\\"Neptune.png\\\" alt=\\\"planet\\\">\n                    <p class=\\\"title\\\">Neptune</p>\n                </a>\n                <a href=\\\"https://es.wikipedia.org/wiki/Planeta_Nueve\\\" target=\\\"_blank\\\" class=\\\"planet planet-title\\\">\n                    <img class=\\\"planet-image\\\" src=\\\"Planet-Nine.png\\\" alt=\\\"planet\\\">\n                    <p class=\\\"title\\\">The possible planet Nine</p>\n                </a>\n            </div>\n        </section>\n</div>\n<div class=\\\"background1\\\">\n    <section id=\\\"Sources\\\" class=\\\"Sources-section\\\">\n        <div class=\\\"Sources-section-header\\\">\n            <h2>Here is references and sources</h2>\n            <p>Too many people have full theories, with half the facts</p>\n        </div>\n        <div class=\\\"Sources-links\\\">\n            <a id=\\\"Wiki-link\\\" href=\\\"https://es.wikipedia.org/wiki/Wikipedia:Portada\\\" target=\\\"_blank\\\" class=\\\"btn Sources-details\\\">\n                <img class=\\\"wiki\\\" src=\\\"Wikipedia-logo.png\\\" alt=\\\"logo\\\">\n            </a>\n            <a id=\\\"natur\\\" href=\\\"https://www.nature.com/articles/529266a\\\" target=\\\"_blank\\\" class=\\\"btn Sources-details\\\">\n                <img class=\\\"natur\\\" src=\\\"Natur-logo.png\\\" alt=\\\"logo\\\">\n            </a>\n        </div>\n    </section>\n</div>······\n</body>\n</html>\"\n    at Object.toContain (/home/juan/Documents/dev/front-tests/front.spec.js:20:29)\n    at Promise.then.completed (/home/juan/Documents/dev/front-tests/node_modules/jest-circus/build/utils.js:298:28)\n    at new Promise (<anonymous>)\n    at callAsyncCircusFn (/home/juan/Documents/dev/front-tests/node_modules/jest-circus/build/utils.js:231:10)\n    at _callCircusTest (/home/juan/Documents/dev/front-tests/node_modules/jest-circus/build/run.js:316:40)\n    at _runTest (/home/juan/Documents/dev/front-tests/node_modules/jest-circus/build/run.js:252:3)\n    at _runTestsForDescribeBlock (/home/juan/Documents/dev/front-tests/node_modules/jest-circus/build/run.js:126:9)\n    at _runTestsForDescribeBlock (/home/juan/Documents/dev/front-tests/node_modules/jest-circus/build/run.js:121:9)\n    at run (/home/juan/Documents/dev/front-tests/node_modules/jest-circus/build/run.js:71:3)\n    at runAndTransformResultsToJestFormat (/home/juan/Documents/dev/front-tests/node_modules/jest-circus/build/legacy-code-todo-rewrite/jestAdapterInit.js:122:21)\n    at jestAdapter (/home/juan/Documents/dev/front-tests/node_modules/jest-circus/build/legacy-code-todo-rewrite/jestAdapter.js:79:19)\n    at runTestInternal (/home/juan/Documents/dev/front-tests/node_modules/jest-runner/build/runTest.js:367:16)\n    at runTest (/home/juan/Documents/dev/front-tests/node_modules/jest-runner/build/runTest.js:444:34)"],"fullName":"Rubric Evaluation 1. it should be linked to CSS stylesheet","invocations":1,"location":null,"numPassingAsserts":0,"retryReasons":[],"status":"failed","title":"1. it should be linked to CSS stylesheet"},{"ancestorTitles":["Rubric Evaluation"],"duration":1,"failureDetails":[{"matcherResult":{"message":"expect(received).toBeTruthy()\n\nReceived: null","pass":false}}],"failureMessages":["Error: expect(received).toBeTruthy()\n\nReceived: null\n    at Object.toBeTruthy (/home/juan/Documents/dev/front-tests/front.spec.js:24:32)\n    at Promise.then.completed (/home/juan/Documents/dev/front-tests/node_modules/jest-circus/build/utils.js:298:28)\n    at new Promise (<anonymous>)\n    at callAsyncCircusFn (/home/juan/Documents/dev/front-tests/node_modules/jest-circus/build/utils.js:231:10)\n    at _callCircusTest (/home/juan/Documents/dev/front-tests/node_modules/jest-circus/build/run.js:316:40)\n    at _runTest (/home/juan/Documents/dev/front-tests/node_modules/jest-circus/build/run.js:252:3)\n    at _runTestsForDescribeBlock (/home/juan/Documents/dev/front-tests/node_modules/jest-circus/build/run.js:126:9)\n    at _runTestsForDescribeBlock (/home/juan/Documents/dev/front-tests/node_modules/jest-circus/build/run.js:121:9)\n    at run (/home/juan/Documents/dev/front-tests/node_modules/jest-circus/build/run.js:71:3)\n    at runAndTransformResultsToJestFormat (/home/juan/Documents/dev/front-tests/node_modules/jest-circus/build/legacy-code-todo-rewrite/jestAdapterInit.js:122:21)\n    at jestAdapter (/home/juan/Documents/dev/front-tests/node_modules/jest-circus/build/legacy-code-todo-rewrite/jestAdapter.js:79:19)\n    at runTestInternal (/home/juan/Documents/dev/front-tests/node_modules/jest-runner/build/runTest.js:367:16)\n    at runTest (/home/juan/Documents/dev/front-tests/node_modules/jest-runner/build/runTest.js:444:34)"],"fullName":"Rubric Evaluation 2. it should have a welcome section","invocations":1,"location":null,"numPassingAsserts":0,"retryReasons":[],"status":"failed","title":"2. it should have a welcome section"},{"ancestorTitles":["Rubric Evaluation"],"duration":0,"failureDetails":[{}],"failureMessages":["TypeError: Cannot read properties of null (reading 'querySelector')\n    at Object.querySelector (/home/juan/Documents/dev/front-tests/front.spec.js:28:42)\n    at Promise.then.completed (/home/juan/Documents/dev/front-tests/node_modules/jest-circus/build/utils.js:298:28)\n    at new Promise (<anonymous>)\n    at callAsyncCircusFn (/home/juan/Documents/dev/front-tests/node_modules/jest-circus/build/utils.js:231:10)\n    at _callCircusTest (/home/juan/Documents/dev/front-tests/node_modules/jest-circus/build/run.js:316:40)\n    at _runTest (/home/juan/Documents/dev/front-tests/node_modules/jest-circus/build/run.js:252:3)\n    at _runTestsForDescribeBlock (/home/juan/Documents/dev/front-tests/node_modules/jest-circus/build/run.js:126:9)\n    at _runTestsForDescribeBlock (/home/juan/Documents/dev/front-tests/node_modules/jest-circus/build/run.js:121:9)\n    at run (/home/juan/Documents/dev/front-tests/node_modules/jest-circus/build/run.js:71:3)\n    at runAndTransformResultsToJestFormat (/home/juan/Documents/dev/front-tests/node_modules/jest-circus/build/legacy-code-todo-rewrite/jestAdapterInit.js:122:21)\n    at jestAdapter (/home/juan/Documents/dev/front-tests/node_modules/jest-circus/build/legacy-code-todo-rewrite/jestAdapter.js:79:19)\n    at runTestInternal (/home/juan/Documents/dev/front-tests/node_modules/jest-runner/build/runTest.js:367:16)\n    at runTest (/home/juan/Documents/dev/front-tests/node_modules/jest-runner/build/runTest.js:444:34)"],"fullName":"Rubric Evaluation 3. it should have a h1 element containing text inside welcome section","invocations":1,"location":null,"numPassingAsserts":0,"retryReasons":[],"status":"failed","title":"3. it should have a h1 element containing text inside welcome section"},{"ancestorTitles":["Rubric Evaluation"],"duration":1,"failureDetails":[{"matcherResult":{"message":"expect(received).toBeTruthy()\n\nReceived: null","pass":false}}],"failureMessages":["Error: expect(received).toBeTruthy()\n\nReceived: null\n    at Object.toBeTruthy (/home/juan/Documents/dev/front-tests/front.spec.js:34:33)\n    at Promise.then.completed (/home/juan/Documents/dev/front-tests/node_modules/jest-circus/build/utils.js:298:28)\n    at new Promise (<anonymous>)\n    at callAsyncCircusFn (/home/juan/Documents/dev/front-tests/node_modules/jest-circus/build/utils.js:231:10)\n    at _callCircusTest (/home/juan/Documents/dev/front-tests/node_modules/jest-circus/build/run.js:316:40)\n    at _runTest (/home/juan/Documents/dev/front-tests/node_modules/jest-circus/build/run.js:252:3)\n    at _runTestsForDescribeBlock (/home/juan/Documents/dev/front-tests/node_modules/jest-circus/build/run.js:126:9)\n    at _runTestsForDescribeBlock (/home/juan/Documents/dev/front-tests/node_modules/jest-circus/build/run.js:121:9)\n    at run (/home/juan/Documents/dev/front-tests/node_modules/jest-circus/build/run.js:71:3)\n    at runAndTransformResultsToJestFormat (/home/juan/Documents/dev/front-tests/node_modules/jest-circus/build/legacy-code-todo-rewrite/jestAdapterInit.js:122:21)\n    at jestAdapter (/home/juan/Documents/dev/front-tests/node_modules/jest-circus/build/legacy-code-todo-rewrite/jestAdapter.js:79:19)\n    at runTestInternal (/home/juan/Documents/dev/front-tests/node_modules/jest-runner/build/runTest.js:367:16)\n    at runTest (/home/juan/Documents/dev/front-tests/node_modules/jest-runner/build/runTest.js:444:34)"],"fullName":"Rubric Evaluation 4. it should have a Projects section with id of projects","invocations":1,"location":null,"numPassingAsserts":0,"retryReasons":[],"status":"failed","title":"4. it should have a Projects section with id of projects"},{"ancestorTitles":["Rubric Evaluation"],"duration":1,"failureDetails":[{}],"failureMessages":["TypeError: Cannot read properties of null (reading 'querySelectorAll')\n    at Object.querySelectorAll (/home/juan/Documents/dev/front-tests/front.spec.js:39:47)\n    at Promise.then.completed (/home/juan/Documents/dev/front-tests/node_modules/jest-circus/build/utils.js:298:28)\n    at new Promise (<anonymous>)\n    at callAsyncCircusFn (/home/juan/Documents/dev/front-tests/node_modules/jest-circus/build/utils.js:231:10)\n    at _callCircusTest (/home/juan/Documents/dev/front-tests/node_modules/jest-circus/build/run.js:316:40)\n    at _runTest (/home/juan/Documents/dev/front-tests/node_modules/jest-circus/build/run.js:252:3)\n    at _runTestsForDescribeBlock (/home/juan/Documents/dev/front-tests/node_modules/jest-circus/build/run.js:126:9)\n    at _runTestsForDescribeBlock (/home/juan/Documents/dev/front-tests/node_modules/jest-circus/build/run.js:121:9)\n    at run (/home/juan/Documents/dev/front-tests/node_modules/jest-circus/build/run.js:71:3)\n    at runAndTransformResultsToJestFormat (/home/juan/Documents/dev/front-tests/node_modules/jest-circus/build/legacy-code-todo-rewrite/jestAdapterInit.js:122:21)\n    at jestAdapter (/home/juan/Documents/dev/front-tests/node_modules/jest-circus/build/legacy-code-todo-rewrite/jestAdapter.js:79:19)\n    at runTestInternal (/home/juan/Documents/dev/front-tests/node_modules/jest-runner/build/runTest.js:367:16)\n    at runTest (/home/juan/Documents/dev/front-tests/node_modules/jest-runner/build/runTest.js:444:34)"],"fullName":"Rubric Evaluation 5. Projects section should contain at least one project title","invocations":1,"location":null,"numPassingAsserts":0,"retryReasons":[],"status":"failed","title":"5. Projects section should contain at least one project title"},{"ancestorTitles":["Rubric Evaluation"],"duration":0,"failureDetails":[{}],"failureMessages":["TypeError: Cannot read properties of null (reading 'querySelectorAll')\n    at Object.querySelectorAll (/home/juan/Documents/dev/front-tests/front.spec.js:44:46)\n    at Promise.then.completed (/home/juan/Documents/dev/front-tests/node_modules/jest-circus/build/utils.js:298:28)\n    at new Promise (<anonymous>)\n    at callAsyncCircusFn (/home/juan/Documents/dev/front-tests/node_modules/jest-circus/build/utils.js:231:10)\n    at _callCircusTest (/home/juan/Documents/dev/front-tests/node_modules/jest-circus/build/run.js:316:40)\n    at _runTest (/home/juan/Documents/dev/front-tests/node_modules/jest-circus/build/run.js:252:3)\n    at _runTestsForDescribeBlock (/home/juan/Documents/dev/front-tests/node_modules/jest-circus/build/run.js:126:9)\n    at _runTestsForDescribeBlock (/home/juan/Documents/dev/front-tests/node_modules/jest-circus/build/run.js:121:9)\n    at run (/home/juan/Documents/dev/front-tests/node_modules/jest-circus/build/run.js:71:3)\n    at runAndTransformResultsToJestFormat (/home/juan/Documents/dev/front-tests/node_modules/jest-circus/build/legacy-code-todo-rewrite/jestAdapterInit.js:122:21)\n    at jestAdapter (/home/juan/Documents/dev/front-tests/node_modules/jest-circus/build/legacy-code-todo-rewrite/jestAdapter.js:79:19)\n    at runTestInternal (/home/juan/Documents/dev/front-tests/node_modules/jest-runner/build/runTest.js:367:16)\n    at runTest (/home/juan/Documents/dev/front-tests/node_modules/jest-runner/build/runTest.js:444:34)"],"fullName":"Rubric Evaluation 6. Projects section should contain at least one link","invocations":1,"location":null,"numPassingAsserts":0,"retryReasons":[],"status":"failed","title":"6. Projects section should contain at least one link"},{"ancestorTitles":["Rubric Evaluation"],"duration":0,"failureDetails":[],"failureMessages":[],"fullName":"Rubric Evaluation 7. Navbar exists with id of navbar","invocations":1,"location":null,"numPassingAsserts":1,"retryReasons":[],"status":"passed","title":"7. Navbar exists with id of navbar"},{"ancestorTitles":["Rubric Evaluation"],"duration":8,"failureDetails":[],"failureMessages":[],"fullName":"Rubric Evaluation 8. Navbar shoul contain at least one clickable link","invocations":1,"location":null,"numPassingAsserts":2,"retryReasons":[],"status":"passed","title":"8. Navbar shoul contain at least one clickable link"},{"ancestorTitles":["Rubric Evaluation"],"duration":0,"failureDetails":[{}],"failureMessages":["TypeError: Cannot read properties of null (reading 'getAttribute')\n    at Object.getAttribute (/home/juan/Documents/dev/front-tests/front.spec.js:60:33)\n    at Promise.then.completed (/home/juan/Documents/dev/front-tests/node_modules/jest-circus/build/utils.js:298:28)\n    at new Promise (<anonymous>)\n    at callAsyncCircusFn (/home/juan/Documents/dev/front-tests/node_modules/jest-circus/build/utils.js:231:10)\n    at _callCircusTest (/home/juan/Documents/dev/front-tests/node_modules/jest-circus/build/run.js:316:40)\n    at _runTest (/home/juan/Documents/dev/front-tests/node_modules/jest-circus/build/run.js:252:3)\n    at _runTestsForDescribeBlock (/home/juan/Documents/dev/front-tests/node_modules/jest-circus/build/run.js:126:9)\n    at _runTestsForDescribeBlock (/home/juan/Documents/dev/front-tests/node_modules/jest-circus/build/run.js:121:9)\n    at run (/home/juan/Documents/dev/front-tests/node_modules/jest-circus/build/run.js:71:3)\n    at runAndTransformResultsToJestFormat (/home/juan/Documents/dev/front-tests/node_modules/jest-circus/build/legacy-code-todo-rewrite/jestAdapterInit.js:122:21)\n    at jestAdapter (/home/juan/Documents/dev/front-tests/node_modules/jest-circus/build/legacy-code-todo-rewrite/jestAdapter.js:79:19)\n    at runTestInternal (/home/juan/Documents/dev/front-tests/node_modules/jest-runner/build/runTest.js:367:16)\n    at runTest (/home/juan/Documents/dev/front-tests/node_modules/jest-runner/build/runTest.js:444:34)"],"fullName":"Rubric Evaluation Profile link exists and opens in a new tab","invocations":1,"location":null,"numPassingAsserts":0,"retryReasons":[],"status":"failed","title":"Profile link exists and opens in a new tab"},{"ancestorTitles":["Rubric Evaluation"],"duration":1,"failureDetails":[],"failureMessages":[],"fullName":"Rubric Evaluation 10. CSS file contains at least one media query","invocations":1,"location":null,"numPassingAsserts":1,"retryReasons":[],"status":"passed","title":"10. CSS file contains at least one media query"},{"ancestorTitles":["Rubric Evaluation"],"duration":2,"failureDetails":[],"failureMessages":[],"fullName":"Rubric Evaluation 11. Welcome section height is equal to viewport height","invocations":1,"location":null,"numPassingAsserts":0,"retryReasons":[],"status":"passed","title":"11. Welcome section height is equal to viewport height"},{"ancestorTitles":["Rubric Evaluation"],"duration":0,"failureDetails":[],"failureMessages":[],"fullName":"Rubric Evaluation 12. Navbar is always fixed at the top of the viewport","invocations":1,"location":null,"numPassingAsserts":1,"retryReasons":[],"status":"passed","title":"12. Navbar is always fixed at the top of the viewport"}],"endTime":1707320010478,"message":"  ● Rubric Evaluation › 1. it should be linked to CSS stylesheet\n\n    expect(received).toContain(expected) // indexOf\n\n    Expected substring: \"<link rel=\\\"stylesheet\\\" href=\\\"styles.css\\\">\"\n    Received string:    \"<!DOCTYPE html>\n    <html lang=\\\"en\\\">\n    <head>\n        <link rel=\\\"stylesheet\\\" href=\\\"style.css\\\">\n        <meta charset=\\\"UTF-8\\\">\n        <meta name=\\\"viewport\\\" content=\\\"width=device-width, initial-scale=1.0\\\">\n        <title>Document</title>\n    </head>\n    <body>\n     <div class=\\\"background\\\">\n            <nav id=\\\"navbar\\\" class=\\\"nav\\\">\n                <ul class=\\\"nav-list\\\">\n                    <li><a href=\\\"#welcom-section\\\">About</a></li>\n                    <li><a href=\\\"#planets\\\">Planets</a></li>\n                    <li><a href=\\\"#Sources\\\">Sources</a></li>\n                </ul>\n            </nav>\n            <section id=\\\"welcom-section\\\" class=\\\"welcom-section\\\">\n                <h1>A Journey Around the Milky Way</h1>\n                <p>explore our Orion Arm </p>\n            </section>\n            <section id=\\\"planets\\\" class=\\\"planets-section\\\">\n                <h2 class=\\\"planets-section-header\\\">The order of the planets in the solar system, starting nearest the sun and working outward is the following: Mercury, Venus, Earth, Mars, Jupiter, Saturn, Uranus, Neptune and then the possible Planet Nine.</h2>\n                <div class=\\\"planets-grid\\\">\n                    <a href=\\\"https://es.wikipedia.org/wiki/Mercurio_(planeta)\\\" target=\\\"_blank\\\" class=\\\"planet planet-title\\\">\n                        <img class=\\\"planet-image\\\" src=\\\"mercury.jpg\\\" alt=\\\"planet\\\">\n                        <p class=\\\"title\\\">Mercury</p>\n                    </a>\n                    <a href=\\\"https://es.wikipedia.org/wiki/Venus_(planeta)\\\" target=\\\"_blank\\\" class=\\\"planet planet-title\\\">\n                        <img class=\\\"planet-image\\\" src=\\\"Venus.jpg\\\" alt=\\\"planet\\\">\n                        <p class=\\\"title\\\">Venus</p>\n                    </a>\n                    <a href=\\\"https://en.wikipedia.org/wiki/Earth\\\" target=\\\"_blank\\\" class=\\\"planet planet-title\\\">\n                        <img class=\\\"planet-image\\\" src=\\\"Earth.jpg\\\" alt=\\\"planet\\\">\n                        <p class=\\\"title\\\">Earth</p>\n                    </a>\n                    <a href=\\\"https://en.wikipedia.org/wiki/Mars\\\" target=\\\"_blank\\\" class=\\\"planet planet-title\\\">\n                        <img class=\\\"planet-image\\\" src=\\\"Mars.png\\\" alt=\\\"planet\\\">\n                        <p class=\\\"title\\\">Mars</p>\n                    </a>\n                    <a href=\\\"https://es.wikipedia.org/wiki/J%C3%BApiter_(planeta)\\\" target=\\\"_blank\\\" class=\\\"planet planet-title\\\">\n                        <img class=\\\"planet-image\\\" src=\\\"Jupiter.png\\\" alt=\\\"planet\\\">\n                        <p class=\\\"title\\\">Jupiter</p>\n                    </a>\n                    <a href=\\\"https://es.wikipedia.org/wiki/Saturno_(planeta)\\\" target=\\\"_blank\\\" class=\\\"planet planet-title\\\">\n                        <img class=\\\"planet-image\\\" src=\\\"Saturn.jpeg\\\" alt=\\\"planet\\\">\n                        <p class=\\\"title\\\">Saturn</p>\n                    </a>\n                    <a href=\\\"https://es.wikipedia.org/wiki/Urano_(planeta)#:~:text=Urano%20es%20el%20s%C3%A9ptimo%20planeta,abuelo%20de%20Zeus%20(J%C3%BApiter).\\\" target=\\\"_blank\\\" class=\\\"planet planet-title\\\">\n                        <img class=\\\"planet-image\\\" src=\\\"Uranus.png\\\" alt=\\\"planet\\\">\n                        <p class=\\\"title\\\">Uranus</p>\n                    </a>\n                    <a href=\\\"https://es.wikipedia.org/wiki/Neptuno_(planeta)\\\" target=\\\"_blank\\\" class=\\\"planet planet-title\\\">\n                        <img class=\\\"planet-image\\\" src=\\\"Neptune.png\\\" alt=\\\"planet\\\">\n                        <p class=\\\"title\\\">Neptune</p>\n                    </a>\n                    <a href=\\\"https://es.wikipedia.org/wiki/Planeta_Nueve\\\" target=\\\"_blank\\\" class=\\\"planet planet-title\\\">\n                        <img class=\\\"planet-image\\\" src=\\\"Planet-Nine.png\\\" alt=\\\"planet\\\">\n                        <p class=\\\"title\\\">The possible planet Nine</p>\n                    </a>\n                </div>\n            </section>\n    </div>\n    <div class=\\\"background1\\\">\n        <section id=\\\"Sources\\\" class=\\\"Sources-section\\\">\n            <div class=\\\"Sources-section-header\\\">\n                <h2>Here is references and sources</h2>\n                <p>Too many people have full theories, with half the facts</p>\n            </div>\n            <div class=\\\"Sources-links\\\">\n                <a id=\\\"Wiki-link\\\" href=\\\"https://es.wikipedia.org/wiki/Wikipedia:Portada\\\" target=\\\"_blank\\\" class=\\\"btn Sources-details\\\">\n                    <img class=\\\"wiki\\\" src=\\\"Wikipedia-logo.png\\\" alt=\\\"logo\\\">\n                </a>\n                <a id=\\\"natur\\\" href=\\\"https://www.nature.com/articles/529266a\\\" target=\\\"_blank\\\" class=\\\"btn Sources-details\\\">\n                    <img class=\\\"natur\\\" src=\\\"Natur-logo.png\\\" alt=\\\"logo\\\">\n                </a>\n            </div>\n        </section>\n    </div>······\n    </body>\n    </html>\"\n\n      18 |     })\n      19 |     test('1. it should be linked to CSS stylesheet', () => {\n    > 20 |         expect(htmlContent).toContain('<link rel=\"stylesheet\" href=\"styles.css\">');\n         |                             ^\n      21 |     });\n      22 |     test('2. it should have a welcome section', () => {\n      23 |         const welcomeSection = htmlDoc.getElementById('welcome-section');\n\n      at Object.toContain (front.spec.js:20:29)\n\n  ● Rubric Evaluation › 2. it should have a welcome section\n\n    expect(received).toBeTruthy()\n\n    Received: null\n\n      22 |     test('2. it should have a welcome section', () => {\n      23 |         const welcomeSection = htmlDoc.getElementById('welcome-section');\n    > 24 |         expect(welcomeSection).toBeTruthy();\n         |                                ^\n      25 |     });\n      26 |     test('3. it should have a h1 element containing text inside welcome section', () => {\n      27 |         const welcomeSection = htmlDoc.getElementById('welcome-section');\n\n      at Object.toBeTruthy (front.spec.js:24:32)\n\n  ● Rubric Evaluation › 3. it should have a h1 element containing text inside welcome section\n\n    TypeError: Cannot read properties of null (reading 'querySelector')\n\n      26 |     test('3. it should have a h1 element containing text inside welcome section', () => {\n      27 |         const welcomeSection = htmlDoc.getElementById('welcome-section');\n    > 28 |         const h1Element = welcomeSection.querySelector('h1');\n         |                                          ^\n      29 |         expect(h1Element).toBeTruthy();\n      30 |         expect(h1Element.textContent.trim()).not.toBe('');\n      31 |     });\n\n      at Object.querySelector (front.spec.js:28:42)\n\n  ● Rubric Evaluation › 4. it should have a Projects section with id of projects\n\n    expect(received).toBeTruthy()\n\n    Received: null\n\n      32 |     test('4. it should have a Projects section with id of projects', () => {\n      33 |         const projectsSection = htmlDoc.getElementById('projects');\n    > 34 |         expect(projectsSection).toBeTruthy();\n         |                                 ^\n      35 |     });\n      36 |\n      37 |     test('5. Projects section should contain at least one project title', () => {\n\n      at Object.toBeTruthy (front.spec.js:34:33)\n\n  ● Rubric Evaluation › 5. Projects section should contain at least one project title\n\n    TypeError: Cannot read properties of null (reading 'querySelectorAll')\n\n      37 |     test('5. Projects section should contain at least one project title', () => {\n      38 |         const projectsSection = htmlDoc.getElementById('projects');\n    > 39 |         const projectTitles = projectsSection.querySelectorAll('.project-title');\n         |                                               ^\n      40 |         expect(projectTitles.length).toBeGreaterThan(0);\n      41 |     });\n      42 |     test('6. Projects section should contain at least one link', () => {\n\n      at Object.querySelectorAll (front.spec.js:39:47)\n\n  ● Rubric Evaluation › 6. Projects section should contain at least one link\n\n    TypeError: Cannot read properties of null (reading 'querySelectorAll')\n\n      42 |     test('6. Projects section should contain at least one link', () => {\n      43 |         const projectsSection = htmlDoc.getElementById('projects');\n    > 44 |         const projectLinks = projectsSection.querySelectorAll('a');\n         |                                              ^\n      45 |         expect(projectLinks.length).toBeGreaterThan(0);\n      46 |     });\n      47 |     test('7. Navbar exists with id of navbar', () => {\n\n      at Object.querySelectorAll (front.spec.js:44:46)\n\n  ● Rubric Evaluation › Profile link exists and opens in a new tab\n\n    TypeError: Cannot read properties of null (reading 'getAttribute')\n\n      58 |     test('Profile link exists and opens in a new tab', () => {\n      59 |         const profileLink = htmlDoc.getElementById('profile-link');\n    > 60 |         const src = profileLink.getAttribute('href');\n         |                                 ^\n      61 |         expect(profileLink).toBeTruthy();\n      62 |         expect(profileLink.getAttribute('target')).toBe('_blank');\n      63 |         // expect src to link to github or linkedin\n\n      at Object.getAttribute (front.spec.js:60:33)\n","name":"/home/juan/Documents/dev/front-tests/front.spec.js","startTime":1707320010133,"status":"failed","summary":""}],"wasInterrupted":false}
